<?xml version="1.0" encoding="UTF-8"?>
<testsuite name="it.unife.ingsw202324.EventGo.controllers.ImageControllerTest" tests="6" skipped="0" failures="1" errors="0" timestamp="2024-07-27T11:02:05" hostname="Air-di-Marcello.Home" time="0.101">
  <properties/>
  <testcase name="testGetImageOrganizzazioneSuccess()" classname="it.unife.ingsw202324.EventGo.controllers.ImageControllerTest" time="0.043"/>
  <testcase name="testGetImageInvalidType()" classname="it.unife.ingsw202324.EventGo.controllers.ImageControllerTest" time="0.019"/>
  <testcase name="testGetImageServerError()" classname="it.unife.ingsw202324.EventGo.controllers.ImageControllerTest" time="0.016">
    <failure message="org.mockito.exceptions.misusing.InvalidUseOfMatchersException: &#10;Misplaced or misused argument matcher detected here:&#10;&#10;-&gt; at it.unife.ingsw202324.EventGo.controllers.ImageControllerTest.testGetImageServerError(ImageControllerTest.java:98)&#10;-&gt; at it.unife.ingsw202324.EventGo.controllers.ImageControllerTest.testGetImageServerError(ImageControllerTest.java:98)&#10;&#10;You cannot use argument matchers outside of verification or stubbing.&#10;Examples of correct usage of argument matchers:&#10;    when(mock.get(anyInt())).thenReturn(null);&#10;    doThrow(new RuntimeException()).when(mock).someVoidMethod(any());&#10;    verify(mock).someMethod(contains(&quot;foo&quot;))&#10;&#10;This message may appear after an NullPointerException if the last matcher is returning an object &#10;like any() but the stubbed method signature expect a primitive argument, in this case,&#10;use primitive alternatives.&#10;    when(mock.get(any())); // bad use, will raise NPE&#10;    when(mock.get(anyInt())); // correct usage use&#10;&#10;Also, this error might show up because you use argument matchers with methods that cannot be mocked.&#10;Following methods *cannot* be stubbed/verified: final/private/equals()/hashCode().&#10;Mocking methods declared on non-public parent classes is not supported.&#10;" type="org.mockito.exceptions.misusing.InvalidUseOfMatchersException">org.mockito.exceptions.misusing.InvalidUseOfMatchersException: 
Misplaced or misused argument matcher detected here:

-&gt; at it.unife.ingsw202324.EventGo.controllers.ImageControllerTest.testGetImageServerError(ImageControllerTest.java:98)
-&gt; at it.unife.ingsw202324.EventGo.controllers.ImageControllerTest.testGetImageServerError(ImageControllerTest.java:98)

You cannot use argument matchers outside of verification or stubbing.
Examples of correct usage of argument matchers:
    when(mock.get(anyInt())).thenReturn(null);
    doThrow(new RuntimeException()).when(mock).someVoidMethod(any());
    verify(mock).someMethod(contains(&quot;foo&quot;))

This message may appear after an NullPointerException if the last matcher is returning an object 
like any() but the stubbed method signature expect a primitive argument, in this case,
use primitive alternatives.
    when(mock.get(any())); // bad use, will raise NPE
    when(mock.get(anyInt())); // correct usage use

Also, this error might show up because you use argument matchers with methods that cannot be mocked.
Following methods *cannot* be stubbed/verified: final/private/equals()/hashCode().
Mocking methods declared on non-public parent classes is not supported.

	at app//it.unife.ingsw202324.EventGo.controllers.ImageControllerTest.testGetImageServerError(ImageControllerTest.java:98)
	at java.base@17.0.10/jdk.internal.reflect.NativeMethodAccessorImpl.invoke0(Native Method)
	at java.base@17.0.10/jdk.internal.reflect.NativeMethodAccessorImpl.invoke(NativeMethodAccessorImpl.java:77)
	at java.base@17.0.10/jdk.internal.reflect.DelegatingMethodAccessorImpl.invoke(DelegatingMethodAccessorImpl.java:43)
	at java.base@17.0.10/java.lang.reflect.Method.invoke(Method.java:568)
	at app//org.junit.platform.commons.util.ReflectionUtils.invokeMethod(ReflectionUtils.java:728)
	at app//org.junit.jupiter.engine.execution.MethodInvocation.proceed(MethodInvocation.java:60)
	at app//org.junit.jupiter.engine.execution.InvocationInterceptorChain$ValidatingInvocation.proceed(InvocationInterceptorChain.java:131)
	at app//org.junit.jupiter.engine.extension.TimeoutExtension.intercept(TimeoutExtension.java:156)
	at app//org.junit.jupiter.engine.extension.TimeoutExtension.interceptTestableMethod(TimeoutExtension.java:147)
	at app//org.junit.jupiter.engine.extension.TimeoutExtension.interceptTestMethod(TimeoutExtension.java:86)
	at app//org.junit.jupiter.engine.execution.InterceptingExecutableInvoker$ReflectiveInterceptorCall.lambda$ofVoidMethod$0(InterceptingExecutableInvoker.java:103)
	at app//org.junit.jupiter.engine.execution.InterceptingExecutableInvoker.lambda$invoke$0(InterceptingExecutableInvoker.java:93)
	at app//org.junit.jupiter.engine.execution.InvocationInterceptorChain$InterceptedInvocation.proceed(InvocationInterceptorChain.java:106)
	at app//org.junit.jupiter.engine.execution.InvocationInterceptorChain.proceed(InvocationInterceptorChain.java:64)
	at app//org.junit.jupiter.engine.execution.InvocationInterceptorChain.chainAndInvoke(InvocationInterceptorChain.java:45)
	at app//org.junit.jupiter.engine.execution.InvocationInterceptorChain.invoke(InvocationInterceptorChain.java:37)
	at app//org.junit.jupiter.engine.execution.InterceptingExecutableInvoker.invoke(InterceptingExecutableInvoker.java:92)
	at app//org.junit.jupiter.engine.execution.InterceptingExecutableInvoker.invoke(InterceptingExecutableInvoker.java:86)
	at app//org.junit.jupiter.engine.descriptor.TestMethodTestDescriptor.lambda$invokeTestMethod$7(TestMethodTestDescriptor.java:218)
	at app//org.junit.platform.engine.support.hierarchical.ThrowableCollector.execute(ThrowableCollector.java:73)
	at app//org.junit.jupiter.engine.descriptor.TestMethodTestDescriptor.invokeTestMethod(TestMethodTestDescriptor.java:214)
	at app//org.junit.jupiter.engine.descriptor.TestMethodTestDescriptor.execute(TestMethodTestDescriptor.java:139)
	at app//org.junit.jupiter.engine.descriptor.TestMethodTestDescriptor.execute(TestMethodTestDescriptor.java:69)
	at app//org.junit.platform.engine.support.hierarchical.NodeTestTask.lambda$executeRecursively$6(NodeTestTask.java:151)
	at app//org.junit.platform.engine.support.hierarchical.ThrowableCollector.execute(ThrowableCollector.java:73)
	at app//org.junit.platform.engine.support.hierarchical.NodeTestTask.lambda$executeRecursively$8(NodeTestTask.java:141)
	at app//org.junit.platform.engine.support.hierarchical.Node.around(Node.java:137)
	at app//org.junit.platform.engine.support.hierarchical.NodeTestTask.lambda$executeRecursively$9(NodeTestTask.java:139)
	at app//org.junit.platform.engine.support.hierarchical.ThrowableCollector.execute(ThrowableCollector.java:73)
	at app//org.junit.platform.engine.support.hierarchical.NodeTestTask.executeRecursively(NodeTestTask.java:138)
	at app//org.junit.platform.engine.support.hierarchical.NodeTestTask.execute(NodeTestTask.java:95)
	at java.base@17.0.10/java.util.ArrayList.forEach(ArrayList.java:1511)
	at app//org.junit.platform.engine.support.hierarchical.SameThreadHierarchicalTestExecutorService.invokeAll(SameThreadHierarchicalTestExecutorService.java:41)
	at app//org.junit.platform.engine.support.hierarchical.NodeTestTask.lambda$executeRecursively$6(NodeTestTask.java:155)
	at app//org.junit.platform.engine.support.hierarchical.ThrowableCollector.execute(ThrowableCollector.java:73)
	at app//org.junit.platform.engine.support.hierarchical.NodeTestTask.lambda$executeRecursively$8(NodeTestTask.java:141)
	at app//org.junit.platform.engine.support.hierarchical.Node.around(Node.java:137)
	at app//org.junit.platform.engine.support.hierarchical.NodeTestTask.lambda$executeRecursively$9(NodeTestTask.java:139)
	at app//org.junit.platform.engine.support.hierarchical.ThrowableCollector.execute(ThrowableCollector.java:73)
	at app//org.junit.platform.engine.support.hierarchical.NodeTestTask.executeRecursively(NodeTestTask.java:138)
	at app//org.junit.platform.engine.support.hierarchical.NodeTestTask.execute(NodeTestTask.java:95)
	at java.base@17.0.10/java.util.ArrayList.forEach(ArrayList.java:1511)
	at app//org.junit.platform.engine.support.hierarchical.SameThreadHierarchicalTestExecutorService.invokeAll(SameThreadHierarchicalTestExecutorService.java:41)
	at app//org.junit.platform.engine.support.hierarchical.NodeTestTask.lambda$executeRecursively$6(NodeTestTask.java:155)
	at app//org.junit.platform.engine.support.hierarchical.ThrowableCollector.execute(ThrowableCollector.java:73)
	at app//org.junit.platform.engine.support.hierarchical.NodeTestTask.lambda$executeRecursively$8(NodeTestTask.java:141)
	at app//org.junit.platform.engine.support.hierarchical.Node.around(Node.java:137)
	at app//org.junit.platform.engine.support.hierarchical.NodeTestTask.lambda$executeRecursively$9(NodeTestTask.java:139)
	at app//org.junit.platform.engine.support.hierarchical.ThrowableCollector.execute(ThrowableCollector.java:73)
	at app//org.junit.platform.engine.support.hierarchical.NodeTestTask.executeRecursively(NodeTestTask.java:138)
	at app//org.junit.platform.engine.support.hierarchical.NodeTestTask.execute(NodeTestTask.java:95)
	at app//org.junit.platform.engine.support.hierarchical.SameThreadHierarchicalTestExecutorService.submit(SameThreadHierarchicalTestExecutorService.java:35)
	at app//org.junit.platform.engine.support.hierarchical.HierarchicalTestExecutor.execute(HierarchicalTestExecutor.java:57)
	at app//org.junit.platform.engine.support.hierarchical.HierarchicalTestEngine.execute(HierarchicalTestEngine.java:54)
	at app//org.junit.platform.launcher.core.EngineExecutionOrchestrator.execute(EngineExecutionOrchestrator.java:107)
	at app//org.junit.platform.launcher.core.EngineExecutionOrchestrator.execute(EngineExecutionOrchestrator.java:88)
	at app//org.junit.platform.launcher.core.EngineExecutionOrchestrator.lambda$execute$0(EngineExecutionOrchestrator.java:54)
	at app//org.junit.platform.launcher.core.EngineExecutionOrchestrator.withInterceptedStreams(EngineExecutionOrchestrator.java:67)
	at app//org.junit.platform.launcher.core.EngineExecutionOrchestrator.execute(EngineExecutionOrchestrator.java:52)
	at app//org.junit.platform.launcher.core.DefaultLauncher.execute(DefaultLauncher.java:114)
	at app//org.junit.platform.launcher.core.DefaultLauncher.execute(DefaultLauncher.java:86)
	at app//org.junit.platform.launcher.core.DefaultLauncherSession$DelegatingLauncher.execute(DefaultLauncherSession.java:86)
	at org.gradle.api.internal.tasks.testing.junitplatform.JUnitPlatformTestClassProcessor$CollectAllTestClassesExecutor.processAllTestClasses(JUnitPlatformTestClassProcessor.java:119)
	at org.gradle.api.internal.tasks.testing.junitplatform.JUnitPlatformTestClassProcessor$CollectAllTestClassesExecutor.access$000(JUnitPlatformTestClassProcessor.java:94)
	at org.gradle.api.internal.tasks.testing.junitplatform.JUnitPlatformTestClassProcessor.stop(JUnitPlatformTestClassProcessor.java:89)
	at org.gradle.api.internal.tasks.testing.SuiteTestClassProcessor.stop(SuiteTestClassProcessor.java:62)
	at java.base@17.0.10/jdk.internal.reflect.NativeMethodAccessorImpl.invoke0(Native Method)
	at java.base@17.0.10/jdk.internal.reflect.NativeMethodAccessorImpl.invoke(NativeMethodAccessorImpl.java:77)
	at java.base@17.0.10/jdk.internal.reflect.DelegatingMethodAccessorImpl.invoke(DelegatingMethodAccessorImpl.java:43)
	at java.base@17.0.10/java.lang.reflect.Method.invoke(Method.java:568)
	at org.gradle.internal.dispatch.ReflectionDispatch.dispatch(ReflectionDispatch.java:36)
	at org.gradle.internal.dispatch.ReflectionDispatch.dispatch(ReflectionDispatch.java:24)
	at org.gradle.internal.dispatch.ContextClassLoaderDispatch.dispatch(ContextClassLoaderDispatch.java:33)
	at org.gradle.internal.dispatch.ProxyDispatchAdapter$DispatchingInvocationHandler.invoke(ProxyDispatchAdapter.java:94)
	at jdk.proxy1/jdk.proxy1.$Proxy2.stop(Unknown Source)
	at org.gradle.api.internal.tasks.testing.worker.TestWorker$3.run(TestWorker.java:193)
	at org.gradle.api.internal.tasks.testing.worker.TestWorker.executeAndMaintainThreadName(TestWorker.java:129)
	at org.gradle.api.internal.tasks.testing.worker.TestWorker.execute(TestWorker.java:100)
	at org.gradle.api.internal.tasks.testing.worker.TestWorker.execute(TestWorker.java:60)
	at org.gradle.process.internal.worker.child.ActionExecutionWorker.execute(ActionExecutionWorker.java:56)
	at org.gradle.process.internal.worker.child.SystemApplicationClassLoaderWorker.call(SystemApplicationClassLoaderWorker.java:113)
	at org.gradle.process.internal.worker.child.SystemApplicationClassLoaderWorker.call(SystemApplicationClassLoaderWorker.java:65)
	at app//worker.org.gradle.process.internal.worker.GradleWorkerMain.run(GradleWorkerMain.java:69)
	at app//worker.org.gradle.process.internal.worker.GradleWorkerMain.main(GradleWorkerMain.java:74)
</failure>
  </testcase>
  <testcase name="testGetImageMockSuccess()" classname="it.unife.ingsw202324.EventGo.controllers.ImageControllerTest" time="0.006"/>
  <testcase name="testGetImageNotFound()" classname="it.unife.ingsw202324.EventGo.controllers.ImageControllerTest" time="0.005"/>
  <testcase name="testGetImageOrganizzatoreSuccess()" classname="it.unife.ingsw202324.EventGo.controllers.ImageControllerTest" time="0.005"/>
  <system-out><![CDATA[13:02:03.442 [Test worker] INFO org.springframework.test.context.support.AnnotationConfigContextLoaderUtils -- Could not detect default configuration classes for test class [it.unife.ingsw202324.EventGo.controllers.ImageControllerTest]: ImageControllerTest does not declare any static, non-private, non-final, nested classes annotated with @Configuration.
13:02:03.488 [Test worker] INFO org.springframework.boot.test.context.SpringBootTestContextBootstrapper -- Found @SpringBootConfiguration it.unife.ingsw202324.EventGo.EventGoApplication for test class it.unife.ingsw202324.EventGo.controllers.ImageControllerTest

  .   ____          _            __ _ _
 /\\ / ___'_ __ _ _(_)_ __  __ _ \ \ \ \
( ( )\___ | '_ | '_| | '_ \/ _` | \ \ \ \
 \\/  ___)| |_)| | | | | || (_| |  ) ) ) )
  '  |____| .__|_| |_|_| |_\__, | / / / /
 =========|_|==============|___/=/_/_/_/
 :: Spring Boot ::                (v3.2.3)

2024-07-27T13:02:03.727+02:00  INFO 13617 --- [EventGo] [    Test worker] i.u.i.E.controllers.ImageControllerTest  : Starting ImageControllerTest using Java 17.0.10 with PID 13617 (started by marcellobraghiroli in /Users/marcellobraghiroli/Repositories/Backend_SBM)
2024-07-27T13:02:03.728+02:00  INFO 13617 --- [EventGo] [    Test worker] i.u.i.E.controllers.ImageControllerTest  : No active profile set, falling back to 1 default profile: "default"
2024-07-27T13:02:03.984+02:00  INFO 13617 --- [EventGo] [    Test worker] .s.d.r.c.RepositoryConfigurationDelegate : Bootstrapping Spring Data JPA repositories in DEFAULT mode.
2024-07-27T13:02:04.008+02:00  INFO 13617 --- [EventGo] [    Test worker] .s.d.r.c.RepositoryConfigurationDelegate : Finished Spring Data repository scanning in 22 ms. Found 5 JPA repository interfaces.
2024-07-27T13:02:04.089+02:00  INFO 13617 --- [EventGo] [    Test worker] o.s.cloud.context.scope.GenericScope     : BeanFactory id=69989677-521a-34ae-a525-71036ccc1792
2024-07-27T13:02:04.191+02:00  INFO 13617 --- [EventGo] [    Test worker] o.hibernate.jpa.internal.util.LogHelper  : HHH000204: Processing PersistenceUnitInfo [name: default]
2024-07-27T13:02:04.209+02:00  INFO 13617 --- [EventGo] [    Test worker] org.hibernate.Version                    : HHH000412: Hibernate ORM core version 6.4.4.Final
2024-07-27T13:02:04.221+02:00  INFO 13617 --- [EventGo] [    Test worker] o.h.c.internal.RegionFactoryInitiator    : HHH000026: Second-level cache disabled
2024-07-27T13:02:04.305+02:00  INFO 13617 --- [EventGo] [    Test worker] o.s.o.j.p.SpringPersistenceUnitInfo      : No LoadTimeWeaver setup: ignoring JPA class transformer
2024-07-27T13:02:04.315+02:00  INFO 13617 --- [EventGo] [    Test worker] com.zaxxer.hikari.HikariDataSource       : HikariPool-1 - Starting...
2024-07-27T13:02:04.435+02:00  INFO 13617 --- [EventGo] [    Test worker] com.zaxxer.hikari.pool.HikariPool        : HikariPool-1 - Added connection com.mysql.cj.jdbc.ConnectionImpl@22361e23
2024-07-27T13:02:04.436+02:00  INFO 13617 --- [EventGo] [    Test worker] com.zaxxer.hikari.HikariDataSource       : HikariPool-1 - Start completed.
2024-07-27T13:02:04.857+02:00  INFO 13617 --- [EventGo] [    Test worker] o.h.e.t.j.p.i.JtaPlatformInitiator       : HHH000489: No JTA platform available (set 'hibernate.transaction.jta.platform' to enable JTA platform integration)
2024-07-27T13:02:04.879+02:00  INFO 13617 --- [EventGo] [    Test worker] j.LocalContainerEntityManagerFactoryBean : Initialized JPA EntityManagerFactory for persistence unit 'default'
2024-07-27T13:02:05.025+02:00  INFO 13617 --- [EventGo] [    Test worker] o.s.d.j.r.query.QueryEnhancerFactory     : Hibernate is in classpath; If applicable, HQL parser will be used.
2024-07-27T13:02:05.305+02:00  WARN 13617 --- [EventGo] [    Test worker] JpaBaseConfiguration$JpaWebConfiguration : spring.jpa.open-in-view is enabled by default. Therefore, database queries may be performed during view rendering. Explicitly configure spring.jpa.open-in-view to disable this warning
2024-07-27T13:02:05.479+02:00  INFO 13617 --- [EventGo] [    Test worker] i.u.i.E.controllers.ImageControllerTest  : Started ImageControllerTest in 1.933 seconds (process running for 2.353)
Let's inspect the beans provided by Spring Boot:
applicationAvailability
applicationTaskExecutor
basicErrorController
beanNameHandlerMapping
beanNameViewResolver
carteOrganizzatoreRepository
characterEncodingFilter
commandLineRunner
compositeCompatibilityVerifier
compositeDiscoveryClient
configDataContextRefresher
configurationPropertiesBeans
configurationPropertiesRebinder
conventionErrorViewResolver
data-jpa.repository-aot-processor#0
dataSource
dataSourceScriptDatabaseInitializer
defaultServletHandlerMapping
defaultViewResolver
defaultsBindHandlerAdvisor
dispatcherServlet
dispatcherServletRegistration
emBeanDefinitionRegistrarPostProcessor
emailService
entityManagerFactory
entityManagerFactoryBuilder
environmentManager
error
errorAttributes
errorPageCustomizer
errorPageRegistrarBeanPostProcessor
eventGoApplication
feignChildContextInitializer
feignClientBeanFactoryInitializationCodeGenerator
feignContext
feignFeature
feignTargeter
fileWatcher
flashMapManager
formContentFilter
handlerExceptionResolver
handlerFunctionAdapter
hikariPoolDataSourceMetadataProvider
homepageController
httpMessageConvertersRestClientCustomizer
httpRequestHandlerAdapter
imageController
inetUtils
inetUtilsProperties
jacksonGeoModule
jacksonObjectMapper
jacksonObjectMapperBuilder
jdbcClient
jdbcConnectionDetails
jdbcConnectionDetailsHikariBeanPostProcessor
jdbcTemplate
jpa.CarteOrganizzatoreRepository.fragments#0
jpa.LinkOrganizzatoreRepository.fragments#0
jpa.LinkOrganizzazioneRepository.fragments#0
jpa.OrganizzatoreRepository.fragments#0
jpa.OrganizzazioneRepository.fragments#0
jpa.named-queries#0
jpa.named-queries#1
jpa.named-queries#2
jpa.named-queries#3
jpa.named-queries#4
jpaContext
jpaMappingContext
jpaSharedEM_AWC_entityManagerFactory
jpaSharedEM_entityManagerFactory
jpaVendorAdapter
jsonComponentModule
jsonMixinModule
jsonMixinModuleEntries
lifecycleProcessor
linkOrganizzatoreRepository
linkOrganizzazioneRepository
linkOrganizzazioneService
loadBalancerClientsDefaultsMappingsProvider
localeCharsetMappingsCustomizer
localeResolver
loggingRebinder
mailSender
mainController
mappingJackson2HttpMessageConverter
messageConverters
multipartConfigElement
multipartResolver
mvcContentNegotiationManager
mvcConversionService
mvcHandlerMappingIntrospector
mvcPathMatcher
mvcPatternParser
mvcResourceUrlProvider
mvcUriComponentsContributor
mvcUrlPathHelper
mvcValidator
mvcViewResolver
myService
namedParameterJdbcTemplate
offsetResolver
openEntityManagerInViewInterceptor
openEntityManagerInViewInterceptorConfigurer
org.springframework.aop.config.internalAutoProxyCreator
org.springframework.boot.autoconfigure.AutoConfigurationPackages
org.springframework.boot.autoconfigure.aop.AopAutoConfiguration
org.springframework.boot.autoconfigure.aop.AopAutoConfiguration$AspectJAutoProxyingConfiguration
org.springframework.boot.autoconfigure.aop.AopAutoConfiguration$AspectJAutoProxyingConfiguration$CglibAutoProxyConfiguration
org.springframework.boot.autoconfigure.availability.ApplicationAvailabilityAutoConfiguration
org.springframework.boot.autoconfigure.context.ConfigurationPropertiesAutoConfiguration
org.springframework.boot.autoconfigure.context.LifecycleAutoConfiguration
org.springframework.boot.autoconfigure.context.PropertyPlaceholderAutoConfiguration
org.springframework.boot.autoconfigure.dao.PersistenceExceptionTranslationAutoConfiguration
org.springframework.boot.autoconfigure.data.jpa.JpaRepositoriesAutoConfiguration
org.springframework.boot.autoconfigure.data.web.SpringDataWebAutoConfiguration
org.springframework.boot.autoconfigure.http.HttpMessageConvertersAutoConfiguration
org.springframework.boot.autoconfigure.http.HttpMessageConvertersAutoConfiguration$StringHttpMessageConverterConfiguration
org.springframework.boot.autoconfigure.http.JacksonHttpMessageConvertersConfiguration
org.springframework.boot.autoconfigure.http.JacksonHttpMessageConvertersConfiguration$MappingJackson2HttpMessageConverterConfiguration
org.springframework.boot.autoconfigure.info.ProjectInfoAutoConfiguration
org.springframework.boot.autoconfigure.internalCachingMetadataReaderFactory
org.springframework.boot.autoconfigure.jackson.JacksonAutoConfiguration
org.springframework.boot.autoconfigure.jackson.JacksonAutoConfiguration$Jackson2ObjectMapperBuilderCustomizerConfiguration
org.springframework.boot.autoconfigure.jackson.JacksonAutoConfiguration$JacksonMixinConfiguration
org.springframework.boot.autoconfigure.jackson.JacksonAutoConfiguration$JacksonObjectMapperBuilderConfiguration
org.springframework.boot.autoconfigure.jackson.JacksonAutoConfiguration$JacksonObjectMapperConfiguration
org.springframework.boot.autoconfigure.jackson.JacksonAutoConfiguration$ParameterNamesModuleConfiguration
org.springframework.boot.autoconfigure.jdbc.DataSourceAutoConfiguration
org.springframework.boot.autoconfigure.jdbc.DataSourceAutoConfiguration$PooledDataSourceConfiguration
org.springframework.boot.autoconfigure.jdbc.DataSourceConfiguration$Hikari
org.springframework.boot.autoconfigure.jdbc.DataSourceTransactionManagerAutoConfiguration
org.springframework.boot.autoconfigure.jdbc.DataSourceTransactionManagerAutoConfiguration$JdbcTransactionManagerConfiguration
org.springframework.boot.autoconfigure.jdbc.JdbcClientAutoConfiguration
org.springframework.boot.autoconfigure.jdbc.JdbcTemplateAutoConfiguration
org.springframework.boot.autoconfigure.jdbc.JdbcTemplateConfiguration
org.springframework.boot.autoconfigure.jdbc.NamedParameterJdbcTemplateConfiguration
org.springframework.boot.autoconfigure.jdbc.metadata.DataSourcePoolMetadataProvidersConfiguration
org.springframework.boot.autoconfigure.jdbc.metadata.DataSourcePoolMetadataProvidersConfiguration$HikariPoolDataSourceMetadataProviderConfiguration
org.springframework.boot.autoconfigure.mail.MailSenderAutoConfiguration
org.springframework.boot.autoconfigure.mail.MailSenderPropertiesConfiguration
org.springframework.boot.autoconfigure.orm.jpa.HibernateJpaAutoConfiguration
org.springframework.boot.autoconfigure.orm.jpa.HibernateJpaConfiguration
org.springframework.boot.autoconfigure.orm.jpa.JpaBaseConfiguration$JpaWebConfiguration
org.springframework.boot.autoconfigure.orm.jpa.JpaBaseConfiguration$PersistenceManagedTypesConfiguration
org.springframework.boot.autoconfigure.sql.init.DataSourceInitializationConfiguration
org.springframework.boot.autoconfigure.sql.init.SqlInitializationAutoConfiguration
org.springframework.boot.autoconfigure.ssl.SslAutoConfiguration
org.springframework.boot.autoconfigure.task.TaskExecutionAutoConfiguration
org.springframework.boot.autoconfigure.task.TaskExecutorConfigurations$SimpleAsyncTaskExecutorBuilderConfiguration
org.springframework.boot.autoconfigure.task.TaskExecutorConfigurations$TaskExecutorBuilderConfiguration
org.springframework.boot.autoconfigure.task.TaskExecutorConfigurations$TaskExecutorConfiguration
org.springframework.boot.autoconfigure.task.TaskExecutorConfigurations$ThreadPoolTaskExecutorBuilderConfiguration
org.springframework.boot.autoconfigure.task.TaskSchedulingAutoConfiguration
org.springframework.boot.autoconfigure.task.TaskSchedulingConfigurations$SimpleAsyncTaskSchedulerBuilderConfiguration
org.springframework.boot.autoconfigure.task.TaskSchedulingConfigurations$TaskSchedulerBuilderConfiguration
org.springframework.boot.autoconfigure.task.TaskSchedulingConfigurations$ThreadPoolTaskSchedulerBuilderConfiguration
org.springframework.boot.autoconfigure.transaction.TransactionAutoConfiguration
org.springframework.boot.autoconfigure.transaction.TransactionAutoConfiguration$EnableTransactionManagementConfiguration
org.springframework.boot.autoconfigure.transaction.TransactionAutoConfiguration$EnableTransactionManagementConfiguration$CglibAutoProxyConfiguration
org.springframework.boot.autoconfigure.transaction.TransactionAutoConfiguration$TransactionTemplateConfiguration
org.springframework.boot.autoconfigure.transaction.TransactionManagerCustomizationAutoConfiguration
org.springframework.boot.autoconfigure.transaction.jta.JtaAutoConfiguration
org.springframework.boot.autoconfigure.web.client.RestClientAutoConfiguration
org.springframework.boot.autoconfigure.web.client.RestTemplateAutoConfiguration
org.springframework.boot.autoconfigure.web.servlet.DispatcherServletAutoConfiguration
org.springframework.boot.autoconfigure.web.servlet.DispatcherServletAutoConfiguration$DispatcherServletConfiguration
org.springframework.boot.autoconfigure.web.servlet.DispatcherServletAutoConfiguration$DispatcherServletRegistrationConfiguration
org.springframework.boot.autoconfigure.web.servlet.HttpEncodingAutoConfiguration
org.springframework.boot.autoconfigure.web.servlet.MultipartAutoConfiguration
org.springframework.boot.autoconfigure.web.servlet.ServletWebServerFactoryAutoConfiguration
org.springframework.boot.autoconfigure.web.servlet.ServletWebServerFactoryConfiguration$EmbeddedTomcat
org.springframework.boot.autoconfigure.web.servlet.WebMvcAutoConfiguration
org.springframework.boot.autoconfigure.web.servlet.WebMvcAutoConfiguration$EnableWebMvcConfiguration
org.springframework.boot.autoconfigure.web.servlet.WebMvcAutoConfiguration$WebMvcAutoConfigurationAdapter
org.springframework.boot.autoconfigure.web.servlet.error.ErrorMvcAutoConfiguration
org.springframework.boot.autoconfigure.web.servlet.error.ErrorMvcAutoConfiguration$DefaultErrorViewResolverConfiguration
org.springframework.boot.autoconfigure.web.servlet.error.ErrorMvcAutoConfiguration$WhitelabelErrorViewConfiguration
org.springframework.boot.autoconfigure.websocket.servlet.WebSocketServletAutoConfiguration
org.springframework.boot.autoconfigure.websocket.servlet.WebSocketServletAutoConfiguration$TomcatWebSocketConfiguration
org.springframework.boot.context.internalConfigurationPropertiesBinder
org.springframework.boot.context.properties.BoundConfigurationProperties
org.springframework.boot.context.properties.ConfigurationPropertiesBindingPostProcessor
org.springframework.boot.context.properties.EnableConfigurationPropertiesRegistrar.methodValidationExcludeFilter
org.springframework.boot.sql.init.dependency.DatabaseInitializationDependencyConfigurer$DependsOnDatabaseInitializationPostProcessor
org.springframework.boot.test.mock.mockito.MockitoPostProcessor
org.springframework.boot.test.mock.mockito.MockitoPostProcessor$SpyPostProcessor
org.springframework.cloud.autoconfigure.ConfigurationPropertiesRebinderAutoConfiguration
org.springframework.cloud.autoconfigure.LifecycleMvcEndpointAutoConfiguration
org.springframework.cloud.autoconfigure.RefreshAutoConfiguration
org.springframework.cloud.autoconfigure.RefreshAutoConfiguration$RefreshScopeBeanDefinitionEnhancer
org.springframework.cloud.client.CommonsClientAutoConfiguration
org.springframework.cloud.client.ReactiveCommonsClientAutoConfiguration
org.springframework.cloud.client.discovery.composite.CompositeDiscoveryClientAutoConfiguration
org.springframework.cloud.client.discovery.simple.SimpleDiscoveryClientAutoConfiguration
org.springframework.cloud.client.loadbalancer.LoadBalancerDefaultMappingsProviderAutoConfiguration
org.springframework.cloud.client.serviceregistry.AutoServiceRegistrationAutoConfiguration
org.springframework.cloud.client.serviceregistry.AutoServiceRegistrationConfiguration
org.springframework.cloud.client.serviceregistry.ServiceRegistryAutoConfiguration
org.springframework.cloud.commons.config.CommonsConfigAutoConfiguration
org.springframework.cloud.commons.security.ResourceServerTokenRelayAutoConfiguration
org.springframework.cloud.commons.security.ResourceServerTokenRelayAutoConfiguration$ResourceServerTokenRelayRegistrationAutoConfiguration
org.springframework.cloud.commons.util.UtilAutoConfiguration
org.springframework.cloud.configuration.CompatibilityVerifierAutoConfiguration
org.springframework.cloud.openfeign.FeignAutoConfiguration
org.springframework.cloud.openfeign.FeignAutoConfiguration$DefaultFeignTargeterConfiguration
org.springframework.cloud.openfeign.FeignAutoConfiguration$FeignJacksonConfiguration
org.springframework.context.annotation.internalAutowiredAnnotationProcessor
org.springframework.context.annotation.internalCommonAnnotationProcessor
org.springframework.context.annotation.internalConfigurationAnnotationProcessor
org.springframework.context.annotation.internalPersistenceAnnotationProcessor
org.springframework.context.event.internalEventListenerFactory
org.springframework.context.event.internalEventListenerProcessor
org.springframework.data.jpa.repository.support.JpaEvaluationContextExtension
org.springframework.data.jpa.util.JpaMetamodelCacheCleanup
org.springframework.data.web.config.ProjectingArgumentResolverRegistrar
org.springframework.data.web.config.SpringDataJacksonConfiguration
org.springframework.data.web.config.SpringDataWebConfiguration
org.springframework.transaction.annotation.ProxyTransactionManagementConfiguration
org.springframework.transaction.config.internalTransactionAdvisor
org.springframework.transaction.config.internalTransactionalEventListenerFactory
organizzatoreController
organizzatoreRepository
organizzatoreService
organizzazioneController
organizzazioneRepository
organizzazioneService
pageJacksonModule
pageModule
pageableCustomizer
pageableResolver
parameterNamesModule
persistenceExceptionTranslationPostProcessor
persistenceManagedTypes
platformTransactionManagerCustomizers
preserveErrorControllerTargetClassPostProcessor
projectingArgumentResolverBeanPostProcessor
propertySourcesPlaceholderConfigurer
refreshEventListener
refreshScope
refreshScopeLifecycle
requestContextFilter
requestMappingHandlerAdapter
requestMappingHandlerMapping
resourceHandlerMapping
restClientBuilder
restClientBuilderConfigurer
restClientSsl
restTemplateBuilder
restTemplateBuilderConfigurer
routerFunctionMapping
server-org.springframework.boot.autoconfigure.web.ServerProperties
servletWebServerFactoryCustomizer
simpleAsyncTaskExecutorBuilder
simpleAsyncTaskSchedulerBuilder
simpleControllerHandlerAdapter
simpleDiscoveryClient
simpleDiscoveryProperties
sleuthPresentVerifier
sortCustomizer
sortModule
sortResolver
spring.cloud.compatibility-verifier-org.springframework.cloud.configuration.CompatibilityVerifierProperties
spring.cloud.openfeign.client-org.springframework.cloud.openfeign.FeignClientProperties
spring.cloud.openfeign.encoder-org.springframework.cloud.openfeign.support.FeignEncoderProperties
spring.cloud.openfeign.httpclient-org.springframework.cloud.openfeign.support.FeignHttpClientProperties
spring.cloud.refresh-org.springframework.cloud.autoconfigure.RefreshAutoConfiguration$RefreshProperties
spring.cloud.service-registry.auto-registration-org.springframework.cloud.client.serviceregistry.AutoServiceRegistrationProperties
spring.data.web-org.springframework.boot.autoconfigure.data.web.SpringDataWebProperties
spring.datasource-org.springframework.boot.autoconfigure.jdbc.DataSourceProperties
spring.info-org.springframework.boot.autoconfigure.info.ProjectInfoProperties
spring.jackson-org.springframework.boot.autoconfigure.jackson.JacksonProperties
spring.jdbc-org.springframework.boot.autoconfigure.jdbc.JdbcProperties
spring.jpa-org.springframework.boot.autoconfigure.orm.jpa.JpaProperties
spring.jpa.hibernate-org.springframework.boot.autoconfigure.orm.jpa.HibernateProperties
spring.lifecycle-org.springframework.boot.autoconfigure.context.LifecycleProperties
spring.mail-org.springframework.boot.autoconfigure.mail.MailProperties
spring.mvc-org.springframework.boot.autoconfigure.web.servlet.WebMvcProperties
spring.servlet.multipart-org.springframework.boot.autoconfigure.web.servlet.MultipartProperties
spring.sql.init-org.springframework.boot.autoconfigure.sql.init.SqlInitializationProperties
spring.ssl-org.springframework.boot.autoconfigure.ssl.SslProperties
spring.task.execution-org.springframework.boot.autoconfigure.task.TaskExecutionProperties
spring.task.scheduling-org.springframework.boot.autoconfigure.task.TaskSchedulingProperties
spring.transaction-org.springframework.boot.autoconfigure.transaction.TransactionProperties
spring.web-org.springframework.boot.autoconfigure.web.WebProperties
springBootVersionVerifier
sslBundleRegistry
sslPropertiesSslBundleRegistrar
standardJacksonObjectMapperBuilderCustomizer
stringHttpMessageConverter
taskExecutorBuilder
taskSchedulerBuilder
templateRestConsumer
themeResolver
threadPoolTaskExecutorBuilder
threadPoolTaskSchedulerBuilder
tomcatServletWebServerFactory
tomcatServletWebServerFactoryCustomizer
transactionAttributeSource
transactionExecutionListeners
transactionInterceptor
transactionManager
transactionTemplate
viewControllerHandlerMapping
viewNameTranslator
viewResolver
webServerFactoryCustomizerBeanPostProcessor
websocketServletWebServerCustomizer
welcomePageHandlerMapping
welcomePageNotAcceptableHandlerMapping
2024-07-27T13:02:05.759+02:00  INFO 13617 --- [EventGo] [    Test worker] o.s.mock.web.MockServletContext          : Initializing Spring TestDispatcherServlet ''
2024-07-27T13:02:05.760+02:00  INFO 13617 --- [EventGo] [    Test worker] o.s.t.web.servlet.TestDispatcherServlet  : Initializing Servlet ''
2024-07-27T13:02:05.761+02:00  INFO 13617 --- [EventGo] [    Test worker] o.s.t.web.servlet.TestDispatcherServlet  : Completed initialization in 1 ms
2024-07-27T13:02:05.794+02:00  INFO 13617 --- [EventGo] [    Test worker] o.s.mock.web.MockServletContext          : Initializing Spring TestDispatcherServlet ''
2024-07-27T13:02:05.794+02:00  INFO 13617 --- [EventGo] [    Test worker] o.s.t.web.servlet.TestDispatcherServlet  : Initializing Servlet ''
2024-07-27T13:02:05.794+02:00  INFO 13617 --- [EventGo] [    Test worker] o.s.t.web.servlet.TestDispatcherServlet  : Completed initialization in 0 ms
2024-07-27T13:02:05.819+02:00  INFO 13617 --- [EventGo] [    Test worker] o.s.mock.web.MockServletContext          : Initializing Spring TestDispatcherServlet ''
2024-07-27T13:02:05.819+02:00  INFO 13617 --- [EventGo] [    Test worker] o.s.t.web.servlet.TestDispatcherServlet  : Initializing Servlet ''
2024-07-27T13:02:05.820+02:00  INFO 13617 --- [EventGo] [    Test worker] o.s.t.web.servlet.TestDispatcherServlet  : Completed initialization in 1 ms
2024-07-27T13:02:05.832+02:00  INFO 13617 --- [EventGo] [    Test worker] o.s.mock.web.MockServletContext          : Initializing Spring TestDispatcherServlet ''
2024-07-27T13:02:05.832+02:00  INFO 13617 --- [EventGo] [    Test worker] o.s.t.web.servlet.TestDispatcherServlet  : Initializing Servlet ''
2024-07-27T13:02:05.832+02:00  INFO 13617 --- [EventGo] [    Test worker] o.s.t.web.servlet.TestDispatcherServlet  : Completed initialization in 0 ms
2024-07-27T13:02:05.838+02:00  INFO 13617 --- [EventGo] [    Test worker] o.s.mock.web.MockServletContext          : Initializing Spring TestDispatcherServlet ''
2024-07-27T13:02:05.838+02:00  INFO 13617 --- [EventGo] [    Test worker] o.s.t.web.servlet.TestDispatcherServlet  : Initializing Servlet ''
2024-07-27T13:02:05.838+02:00  INFO 13617 --- [EventGo] [    Test worker] o.s.t.web.servlet.TestDispatcherServlet  : Completed initialization in 0 ms
2024-07-27T13:02:05.845+02:00  INFO 13617 --- [EventGo] [    Test worker] o.s.mock.web.MockServletContext          : Initializing Spring TestDispatcherServlet ''
2024-07-27T13:02:05.846+02:00  INFO 13617 --- [EventGo] [    Test worker] o.s.t.web.servlet.TestDispatcherServlet  : Initializing Servlet ''
2024-07-27T13:02:05.846+02:00  INFO 13617 --- [EventGo] [    Test worker] o.s.t.web.servlet.TestDispatcherServlet  : Completed initialization in 0 ms
]]></system-out>
  <system-err><![CDATA[]]></system-err>
</testsuite>
