<?xml version="1.0" encoding="UTF-8"?>
<testsuite name="it.unife.ingsw202324.EventGo.controllers.ImageControllerTest" tests="8" skipped="0" failures="0" errors="0" timestamp="2024-07-30T14:16:20" hostname="Air-di-Marcello.Home" time="0.104">
  <properties/>
  <testcase name="Test recupero immagine esistente di un'organizzazione" classname="it.unife.ingsw202324.EventGo.controllers.ImageControllerTest" time="0.05"/>
  <testcase name="Test recupero immagine non esistente di un'organizzazione" classname="it.unife.ingsw202324.EventGo.controllers.ImageControllerTest" time="0.023"/>
  <testcase name="Test recupero immagine con errore del server" classname="it.unife.ingsw202324.EventGo.controllers.ImageControllerTest" time="0.006"/>
  <testcase name="Test recupero immagine non esistente di un organizzatore" classname="it.unife.ingsw202324.EventGo.controllers.ImageControllerTest" time="0.003"/>
  <testcase name="Test recupero immagine con tipologia non valida" classname="it.unife.ingsw202324.EventGo.controllers.ImageControllerTest" time="0.003"/>
  <testcase name="Test recupero immagine di mock non esistente" classname="it.unife.ingsw202324.EventGo.controllers.ImageControllerTest" time="0.003"/>
  <testcase name="Test recupero immagine di mock esistente" classname="it.unife.ingsw202324.EventGo.controllers.ImageControllerTest" time="0.006"/>
  <testcase name="Test recupero immagine esistente di un organizzatore" classname="it.unife.ingsw202324.EventGo.controllers.ImageControllerTest" time="0.005"/>
  <system-out><![CDATA[16:16:19.929 [Test worker] INFO org.springframework.test.context.support.AnnotationConfigContextLoaderUtils -- Could not detect default configuration classes for test class [it.unife.ingsw202324.EventGo.controllers.ImageControllerTest]: ImageControllerTest does not declare any static, non-private, non-final, nested classes annotated with @Configuration.
16:16:19.983 [Test worker] INFO org.springframework.boot.test.context.SpringBootTestContextBootstrapper -- Found @SpringBootConfiguration it.unife.ingsw202324.EventGo.EventGoApplication for test class it.unife.ingsw202324.EventGo.controllers.ImageControllerTest

  .   ____          _            __ _ _
 /\\ / ___'_ __ _ _(_)_ __  __ _ \ \ \ \
( ( )\___ | '_ | '_| | '_ \/ _` | \ \ \ \
 \\/  ___)| |_)| | | | | || (_| |  ) ) ) )
  '  |____| .__|_| |_|_| |_\__, | / / / /
 =========|_|==============|___/=/_/_/_/
 :: Spring Boot ::                (v3.2.3)

2024-07-30T16:16:20.161+02:00  INFO 55215 --- [EventGo] [    Test worker] i.u.i.E.controllers.ImageControllerTest  : Starting ImageControllerTest using Java 17.0.10 with PID 55215 (started by marcellobraghiroli in /Users/marcellobraghiroli/Repositories/Backend_SBM)
2024-07-30T16:16:20.162+02:00  INFO 55215 --- [EventGo] [    Test worker] i.u.i.E.controllers.ImageControllerTest  : The following 1 profile is active: "test"
2024-07-30T16:16:20.930+02:00  INFO 55215 --- [EventGo] [    Test worker] o.s.b.t.m.w.SpringBootMockServletContext : Initializing Spring TestDispatcherServlet ''
2024-07-30T16:16:20.931+02:00  INFO 55215 --- [EventGo] [    Test worker] o.s.t.web.servlet.TestDispatcherServlet  : Initializing Servlet ''
2024-07-30T16:16:20.932+02:00  INFO 55215 --- [EventGo] [    Test worker] o.s.t.web.servlet.TestDispatcherServlet  : Completed initialization in 0 ms
2024-07-30T16:16:20.945+02:00  INFO 55215 --- [EventGo] [    Test worker] i.u.i.E.controllers.ImageControllerTest  : Started ImageControllerTest in 0.933 seconds (process running for 1.352)
Let's inspect the beans provided by Spring Boot:
applicationTaskExecutor
basicErrorController
beanNameHandlerMapping
beanNameViewResolver
characterEncodingFilter
commandLineRunner
defaultServletHandlerMapping
defaultViewResolver
dispatcherServlet
dispatcherServletPath
error
errorAttributes
errorPageCustomizer
eventGoApplication
flashMapManager
formContentFilter
globalExceptionHandler
handlerExceptionResolver
handlerFunctionAdapter
httpRequestHandlerAdapter
imageController
it.unife.ingsw202324.EventGo.services.ImageService#0
jacksonGeoModule
jacksonObjectMapper
jacksonObjectMapperBuilder
jsonComponentModule
jsonMixinModule
jsonMixinModuleEntries
localeCharsetMappingsCustomizer
localeResolver
mappingJackson2HttpMessageConverter
messageConverters
mockMvc
mockMvcBuilder
mvcContentNegotiationManager
mvcConversionService
mvcHandlerMappingIntrospector
mvcPathMatcher
mvcPatternParser
mvcResourceUrlProvider
mvcUriComponentsContributor
mvcUrlPathHelper
mvcValidator
mvcViewResolver
offsetResolver
org.springframework.boot.autoconfigure.AutoConfigurationPackages
org.springframework.boot.autoconfigure.data.web.SpringDataWebAutoConfiguration
org.springframework.boot.autoconfigure.http.HttpMessageConvertersAutoConfiguration
org.springframework.boot.autoconfigure.http.HttpMessageConvertersAutoConfiguration$StringHttpMessageConverterConfiguration
org.springframework.boot.autoconfigure.http.JacksonHttpMessageConvertersConfiguration
org.springframework.boot.autoconfigure.http.JacksonHttpMessageConvertersConfiguration$MappingJackson2HttpMessageConverterConfiguration
org.springframework.boot.autoconfigure.internalCachingMetadataReaderFactory
org.springframework.boot.autoconfigure.jackson.JacksonAutoConfiguration
org.springframework.boot.autoconfigure.jackson.JacksonAutoConfiguration$Jackson2ObjectMapperBuilderCustomizerConfiguration
org.springframework.boot.autoconfigure.jackson.JacksonAutoConfiguration$JacksonMixinConfiguration
org.springframework.boot.autoconfigure.jackson.JacksonAutoConfiguration$JacksonObjectMapperBuilderConfiguration
org.springframework.boot.autoconfigure.jackson.JacksonAutoConfiguration$JacksonObjectMapperConfiguration
org.springframework.boot.autoconfigure.jackson.JacksonAutoConfiguration$ParameterNamesModuleConfiguration
org.springframework.boot.autoconfigure.task.TaskExecutionAutoConfiguration
org.springframework.boot.autoconfigure.task.TaskExecutorConfigurations$SimpleAsyncTaskExecutorBuilderConfiguration
org.springframework.boot.autoconfigure.task.TaskExecutorConfigurations$TaskExecutorBuilderConfiguration
org.springframework.boot.autoconfigure.task.TaskExecutorConfigurations$TaskExecutorConfiguration
org.springframework.boot.autoconfigure.task.TaskExecutorConfigurations$ThreadPoolTaskExecutorBuilderConfiguration
org.springframework.boot.autoconfigure.web.servlet.HttpEncodingAutoConfiguration
org.springframework.boot.autoconfigure.web.servlet.WebMvcAutoConfiguration
org.springframework.boot.autoconfigure.web.servlet.WebMvcAutoConfiguration$EnableWebMvcConfiguration
org.springframework.boot.autoconfigure.web.servlet.WebMvcAutoConfiguration$WebMvcAutoConfigurationAdapter
org.springframework.boot.autoconfigure.web.servlet.error.ErrorMvcAutoConfiguration
org.springframework.boot.autoconfigure.web.servlet.error.ErrorMvcAutoConfiguration$DefaultErrorViewResolverConfiguration
org.springframework.boot.autoconfigure.web.servlet.error.ErrorMvcAutoConfiguration$WhitelabelErrorViewConfiguration
org.springframework.boot.context.internalConfigurationPropertiesBinder
org.springframework.boot.context.properties.BoundConfigurationProperties
org.springframework.boot.context.properties.ConfigurationPropertiesBindingPostProcessor
org.springframework.boot.context.properties.EnableConfigurationPropertiesRegistrar.methodValidationExcludeFilter
org.springframework.boot.test.autoconfigure.web.servlet.MockMvcAutoConfiguration
org.springframework.boot.test.context.ImportsContextCustomizer$ImportsCleanupPostProcessor
org.springframework.boot.test.mock.mockito.MockitoPostProcessor
org.springframework.boot.test.mock.mockito.MockitoPostProcessor$SpyPostProcessor
org.springframework.context.annotation.internalAutowiredAnnotationProcessor
org.springframework.context.annotation.internalCommonAnnotationProcessor
org.springframework.context.annotation.internalConfigurationAnnotationProcessor
org.springframework.context.annotation.internalPersistenceAnnotationProcessor
org.springframework.context.event.internalEventListenerFactory
org.springframework.context.event.internalEventListenerProcessor
org.springframework.data.web.config.ProjectingArgumentResolverRegistrar
org.springframework.data.web.config.SpringDataJacksonConfiguration
org.springframework.data.web.config.SpringDataWebConfiguration
pageModule
pageableCustomizer
pageableResolver
parameterNamesModule
preserveErrorControllerTargetClassPostProcessor
projectingArgumentResolverBeanPostProcessor
requestContextFilter
requestMappingHandlerAdapter
requestMappingHandlerMapping
resourceHandlerMapping
routerFunctionMapping
server-org.springframework.boot.autoconfigure.web.ServerProperties
simpleAsyncTaskExecutorBuilder
simpleControllerHandlerAdapter
sortCustomizer
sortResolver
spring.data.web-org.springframework.boot.autoconfigure.data.web.SpringDataWebProperties
spring.jackson-org.springframework.boot.autoconfigure.jackson.JacksonProperties
spring.mvc-org.springframework.boot.autoconfigure.web.servlet.WebMvcProperties
spring.task.execution-org.springframework.boot.autoconfigure.task.TaskExecutionProperties
spring.web-org.springframework.boot.autoconfigure.web.WebProperties
springBootMockMvcBuilderCustomizer
standardJacksonObjectMapperBuilderCustomizer
stringHttpMessageConverter
taskExecutorBuilder
themeResolver
threadPoolTaskExecutorBuilder
viewControllerHandlerMapping
viewNameTranslator
viewResolver
welcomePageHandlerMapping
welcomePageNotAcceptableHandlerMapping
2024-07-30T16:16:20.960+02:00  INFO 55215 --- [EventGo] [    Test worker] i.u.i.E.controllers.ImageControllerTest  : Inizio esecuzione metodo di test
2024-07-30T16:16:21.002+02:00  INFO 55215 --- [EventGo] [    Test worker] i.u.i.E.controllers.ImageControllerTest  : Fine esecuzione metodo di test
2024-07-30T16:16:21.007+02:00  INFO 55215 --- [EventGo] [    Test worker] i.u.i.E.controllers.ImageControllerTest  : Inizio esecuzione metodo di test
2024-07-30T16:16:21.028+02:00  INFO 55215 --- [EventGo] [    Test worker] i.u.i.E.controllers.ImageControllerTest  : Fine esecuzione metodo di test
2024-07-30T16:16:21.031+02:00  INFO 55215 --- [EventGo] [    Test worker] i.u.i.E.controllers.ImageControllerTest  : Inizio esecuzione metodo di test
2024-07-30T16:16:21.033+02:00  INFO 55215 --- [EventGo] [    Test worker] i.u.i.E.controllers.ImageControllerTest  : Fine esecuzione metodo di test
2024-07-30T16:16:21.039+02:00  INFO 55215 --- [EventGo] [    Test worker] i.u.i.E.controllers.ImageControllerTest  : Inizio esecuzione metodo di test
2024-07-30T16:16:21.040+02:00  INFO 55215 --- [EventGo] [    Test worker] i.u.i.E.controllers.ImageControllerTest  : Fine esecuzione metodo di test
2024-07-30T16:16:21.042+02:00  INFO 55215 --- [EventGo] [    Test worker] i.u.i.E.controllers.ImageControllerTest  : Inizio esecuzione metodo di test
2024-07-30T16:16:21.044+02:00  INFO 55215 --- [EventGo] [    Test worker] i.u.i.E.controllers.ImageControllerTest  : Fine esecuzione metodo di test
2024-07-30T16:16:21.045+02:00  INFO 55215 --- [EventGo] [    Test worker] i.u.i.E.controllers.ImageControllerTest  : Inizio esecuzione metodo di test
2024-07-30T16:16:21.047+02:00  INFO 55215 --- [EventGo] [    Test worker] i.u.i.E.controllers.ImageControllerTest  : Fine esecuzione metodo di test
2024-07-30T16:16:21.049+02:00  INFO 55215 --- [EventGo] [    Test worker] i.u.i.E.controllers.ImageControllerTest  : Inizio esecuzione metodo di test
2024-07-30T16:16:21.053+02:00  INFO 55215 --- [EventGo] [    Test worker] i.u.i.E.controllers.ImageControllerTest  : Fine esecuzione metodo di test
2024-07-30T16:16:21.055+02:00  INFO 55215 --- [EventGo] [    Test worker] i.u.i.E.controllers.ImageControllerTest  : Inizio esecuzione metodo di test
2024-07-30T16:16:21.059+02:00  INFO 55215 --- [EventGo] [    Test worker] i.u.i.E.controllers.ImageControllerTest  : Fine esecuzione metodo di test
]]></system-out>
  <system-err><![CDATA[]]></system-err>
</testsuite>
